#
# There is insufficient memory for the Java Runtime Environment to continue.
# Native memory allocation (mmap) failed to map 123207680 bytes for committing reserved memory.
# Possible reasons:
#   The system is out of physical RAM or swap space
#   In 32 bit mode, the process size limit was hit
# Possible solutions:
#   Reduce memory load on the system
#   Increase physical memory or swap space
#   Check if swap backing store is full
#   Use 64 bit Java on a 64 bit OS
#   Decrease Java heap size (-Xmx/-Xms)
#   Decrease number of Java threads
#   Decrease Java thread stack sizes (-Xss)
#   Set larger code cache with -XX:ReservedCodeCacheSize=
# This output file may be truncated or incomplete.
#
#  Out of Memory Error (os_linux.cpp:2640), pid=32703, tid=0x00007f5a2adcc700
#
# JRE version: Java(TM) SE Runtime Environment (8.0_172-b11) (build 1.8.0_172-b11)
# Java VM: Java HotSpot(TM) 64-Bit Server VM (25.172-b11 mixed mode linux-amd64 compressed oops)
# Failed to write core dump. Core dumps have been disabled. To enable core dumping, try "ulimit -c unlimited" before starting Java again
#

---------------  T H R E A D  ---------------

Current thread (0x00007f5a4407e000):  VMThread [stack: 0x00007f5a2accc000,0x00007f5a2adcd000] [id=32715]

Stack: [0x00007f5a2accc000,0x00007f5a2adcd000],  sp=0x00007f5a2adcb220,  free space=1020k
Native frames: (J=compiled Java code, j=interpreted, Vv=VM code, C=native code)
V  [libjvm.so+0xad221a]  VMError::report_and_die()+0x2ba
V  [libjvm.so+0x50185b]  report_vm_out_of_memory(char const*, int, unsigned long, VMErrorType, char const*)+0x8b
V  [libjvm.so+0x92fee3]  os::Linux::commit_memory_impl(char*, unsigned long, bool)+0x123
V  [libjvm.so+0x930109]  os::pd_commit_memory(char*, unsigned long, unsigned long, bool)+0x29
V  [libjvm.so+0x9273ca]  os::commit_memory(char*, unsigned long, unsigned long, bool)+0x2a
V  [libjvm.so+0x99d363]  PSVirtualSpace::expand_by(unsigned long)+0x53
V  [libjvm.so+0x99e768]  PSYoungGen::resize_generation(unsigned long, unsigned long)+0xf8
V  [libjvm.so+0x99d8c2]  PSYoungGen::resize(unsigned long, unsigned long)+0x22
V  [libjvm.so+0x99ab9b]  PSScavenge::invoke_no_policy()+0xf3b
V  [libjvm.so+0x99b321]  PSScavenge::invoke()+0x41
V  [libjvm.so+0x951df0]  ParallelScavengeHeap::failed_mem_allocate(unsigned long)+0x70
V  [libjvm.so+0xad3c97]  VM_ParallelGCFailedAllocation::doit()+0x97
V  [libjvm.so+0xadb7b5]  VM_Operation::evaluate()+0x55
V  [libjvm.so+0xad9b7a]  VMThread::evaluate_operation(VM_Operation*)+0xba
V  [libjvm.so+0xad9efe]  VMThread::loop()+0x1ce
V  [libjvm.so+0xada370]  VMThread::run()+0x70
V  [libjvm.so+0x930248]  java_start(Thread*)+0x108

VM_Operation (0x00007f5a29e1b500): ParallelGCFailedAllocation, mode: safepoint, requested by thread 0x00007f59ec002800


---------------  P R O C E S S  ---------------

Java Threads: ( => current thread )
  0x00007f59f0ebf800 JavaThread "Live Reload Server" daemon [_thread_in_native, id=32751, stack(0x00007f59d78ff000,0x00007f59d7a00000)]
  0x00007f59dc001000 JavaThread "HikariPool-1 connection adder" daemon [_thread_blocked, id=32747, stack(0x00007f59e86fc000,0x00007f59e87fd000)]
  0x00007f59f0464000 JavaThread "HikariPool-1 housekeeper" daemon [_thread_blocked, id=32746, stack(0x00007f59e87fd000,0x00007f59e88fe000)]
  0x00007f59f02d4000 JavaThread "Abandoned connection cleanup thread" daemon [_thread_blocked, id=32745, stack(0x00007f59e8afe000,0x00007f59e8bff000)]
  0x00007f59f0a93000 JavaThread "container-0" [_thread_blocked, id=32744, stack(0x00007f5a28857000,0x00007f5a28958000)]
  0x00007f59f0a87000 JavaThread "ContainerBackgroundProcessor[StandardEngine[Tomcat]]" daemon [_thread_blocked, id=32743, stack(0x00007f5a29c1f000,0x00007f5a29d20000)]
  0x00007f59ec002800 JavaThread "restartedMain" [_thread_blocked, id=32725, stack(0x00007f5a29d20000,0x00007f5a29e21000)]
  0x00007f5a444bb000 JavaThread "Thread-0" [_thread_blocked, id=32724, stack(0x00007f5a29e21000,0x00007f5a29f22000)]
  0x00007f5a440e1000 JavaThread "Service Thread" daemon [_thread_blocked, id=32722, stack(0x00007f5a2a2ed000,0x00007f5a2a3ee000)]
  0x00007f5a440c4000 JavaThread "C1 CompilerThread2" daemon [_thread_blocked, id=32721, stack(0x00007f5a2a3ee000,0x00007f5a2a4ef000)]
  0x00007f5a440c2000 JavaThread "C2 CompilerThread1" daemon [_thread_in_native, id=32720, stack(0x00007f5a2a4ef000,0x00007f5a2a5f0000)]
  0x00007f5a440bf000 JavaThread "C2 CompilerThread0" daemon [_thread_blocked, id=32719, stack(0x00007f5a2a5f0000,0x00007f5a2a6f1000)]
  0x00007f5a440bd800 JavaThread "Signal Dispatcher" daemon [_thread_blocked, id=32718, stack(0x00007f5a2a6f1000,0x00007f5a2a7f2000)]
  0x00007f5a4408a000 JavaThread "Finalizer" daemon [_thread_blocked, id=32717, stack(0x00007f5a2aaca000,0x00007f5a2abcb000)]
  0x00007f5a44087800 JavaThread "Reference Handler" daemon [_thread_blocked, id=32716, stack(0x00007f5a2abcb000,0x00007f5a2accc000)]
  0x00007f5a4400e000 JavaThread "main" [_thread_blocked, id=32707, stack(0x00007f5a4b9c5000,0x00007f5a4bac6000)]

Other Threads:
=>0x00007f5a4407e000 VMThread [stack: 0x00007f5a2accc000,0x00007f5a2adcd000] [id=32715]
  0x00007f5a440e6800 WatcherThread [stack: 0x00007f5a2a1ec000,0x00007f5a2a2ed000] [id=32723]

VM state:at safepoint (normal execution)

VM Mutex/Monitor currently owned by a thread:  ([mutex/lock_event])
[0x00007f5a4400a5c0] Threads_lock - owner thread: 0x00007f5a4407e000
[0x00007f5a4400aac0] Heap_lock - owner thread: 0x00007f59ec002800

Heap:
 PSYoungGen      total 349184K, used 25581K [0x00000000d7700000, 0x00000000ef700000, 0x0000000100000000)
  eden space 323584K, 0% used [0x00000000d7700000,0x00000000d7700000,0x00000000eb300000)
  from space 25600K, 99% used [0x00000000eb300000,0x00000000ecbfb478,0x00000000ecc00000)
  to   space 24576K, 0% used [0x00000000ecc00000,0x00000000ecc00000,0x00000000ee400000)
 ParOldGen       total 84992K, used 20538K [0x0000000086400000, 0x000000008b700000, 0x00000000d7700000)
  object space 84992K, 24% used [0x0000000086400000,0x000000008780e8b0,0x000000008b700000)
 Metaspace       used 55738K, capacity 58090K, committed 58408K, reserved 1099776K
  class space    used 7674K, capacity 8116K, committed 8240K, reserved 1048576K

Card table byte_map: [0x00007f5a48387000,0x00007f5a48756000] byte_map_base: 0x00007f5a47f55000

Marking Bits: (ParMarkBitMap*) 0x00007f5a4ae91de0
 Begin Bits: [0x00007f5a30e1b000, 0x00007f5a32c8b000)
 End Bits:   [0x00007f5a32c8b000, 0x00007f5a34afb000)

Polling page: 0x00007f5a4bae2000

CodeCache: size=245760Kb used=14810Kb max_used=14810Kb free=230949Kb
 bounds [0x00007f5a35000000, 0x00007f5a35e90000, 0x00007f5a44000000]
 total_blobs=4792 nmethods=4271 adapters=432
 compilation: enabled

Compilation events (10 events):
Event: 8.472 Thread 0x00007f5a440c4000 nmethod 4731 0x00007f5a358dc3d0 code [0x00007f5a358dc540, 0x00007f5a358dc6d0]
Event: 8.478 Thread 0x00007f5a440bf000 nmethod 4712 0x00007f5a35e582d0 code [0x00007f5a35e585c0, 0x00007f5a35e5a108]
Event: 8.478 Thread 0x00007f5a440bf000 4701       4       org.springframework.asm.ClassReader::readMethod (1041 bytes)
Event: 8.481 Thread 0x00007f5a440c4000 4734       3       org.springframework.asm.ClassReader::readCode (5085 bytes)
Event: 8.514 Thread 0x00007f5a440c4000 nmethod 4734 0x00007f5a35e5b8d0 code [0x00007f5a35e5cca0, 0x00007f5a35e6d7c8]
Event: 8.514 Thread 0x00007f5a440c4000 4736       2       java.lang.invoke.MethodHandles::makeIdentity (23 bytes)
Event: 8.515 Thread 0x00007f5a440c4000 nmethod 4736 0x00007f5a35713c50 code [0x00007f5a35713e20, 0x00007f5a357142b8]
Event: 8.515 Thread 0x00007f5a440c4000 4735       1       org.springframework.web.context.support.GenericWebApplicationContext::getServletContext (5 bytes)
Event: 8.515 Thread 0x00007f5a440c4000 nmethod 4735 0x00007f5a35713990 code [0x00007f5a35713ae0, 0x00007f5a35713bf0]
Event: 8.534 Thread 0x00007f5a440c4000 4737       2       org.springframework.beans.factory.support.AbstractAutowireCapableBeanFactory::populateBean (412 bytes)

GC Heap History (10 events):
Event: 2.519 GC heap after
Heap after GC invocations=6 (full 1):
 PSYoungGen      total 130048K, used 5101K [0x00000000d7700000, 0x00000000e5200000, 0x0000000100000000)
  eden space 124928K, 0% used [0x00000000d7700000,0x00000000d7700000,0x00000000df100000)
  from space 5120K, 99% used [0x00000000df100000,0x00000000df5fb6d0,0x00000000df600000)
  to   space 11264K, 0% used [0x00000000e4700000,0x00000000e4700000,0x00000000e5200000)
 ParOldGen       total 55296K, used 10374K [0x0000000086400000, 0x0000000089a00000, 0x00000000d7700000)
  object space 55296K, 18% used [0x0000000086400000,0x0000000086e21960,0x0000000089a00000)
 Metaspace       used 24448K, capacity 25254K, committed 25392K, reserved 1071104K
  class space    used 3131K, capacity 3323K, committed 3376K, reserved 1048576K
}
Event: 2.878 GC heap before
{Heap before GC invocations=7 (full 1):
 PSYoungGen      total 130048K, used 130029K [0x00000000d7700000, 0x00000000e5200000, 0x0000000100000000)
  eden space 124928K, 100% used [0x00000000d7700000,0x00000000df100000,0x00000000df100000)
  from space 5120K, 99% used [0x00000000df100000,0x00000000df5fb6d0,0x00000000df600000)
  to   space 11264K, 0% used [0x00000000e4700000,0x00000000e4700000,0x00000000e5200000)
 ParOldGen       total 55296K, used 10374K [0x0000000086400000, 0x0000000089a00000, 0x00000000d7700000)
  object space 55296K, 18% used [0x0000000086400000,0x0000000086e21960,0x0000000089a00000)
 Metaspace       used 24571K, capacity 25382K, committed 25648K, reserved 1071104K
  class space    used 3135K, capacity 3323K, committed 3376K, reserved 1048576K
Event: 2.908 GC heap after
Heap after GC invocations=7 (full 1):
 PSYoungGen      total 206848K, used 11244K [0x00000000d7700000, 0x00000000e6800000, 0x0000000100000000)
  eden space 195584K, 0% used [0x00000000d7700000,0x00000000d7700000,0x00000000e3600000)
  from space 11264K, 99% used [0x00000000e4700000,0x00000000e51fb038,0x00000000e5200000)
  to   space 17408K, 0% used [0x00000000e3600000,0x00000000e3600000,0x00000000e4700000)
 ParOldGen       total 55296K, used 17827K [0x0000000086400000, 0x0000000089a00000, 0x00000000d7700000)
  object space 55296K, 32% used [0x0000000086400000,0x0000000087568f30,0x0000000089a00000)
 Metaspace       used 24571K, capacity 25382K, committed 25648K, reserved 1071104K
  class space    used 3135K, capacity 3323K, committed 3376K, reserved 1048576K
}
Event: 4.637 GC heap before
{Heap before GC invocations=8 (full 1):
 PSYoungGen      total 206848K, used 206828K [0x00000000d7700000, 0x00000000e6800000, 0x0000000100000000)
  eden space 195584K, 100% used [0x00000000d7700000,0x00000000e3600000,0x00000000e3600000)
  from space 11264K, 99% used [0x00000000e4700000,0x00000000e51fb038,0x00000000e5200000)
  to   space 17408K, 0% used [0x00000000e3600000,0x00000000e3600000,0x00000000e4700000)
 ParOldGen       total 55296K, used 17827K [0x0000000086400000, 0x0000000089a00000, 0x00000000d7700000)
  object space 55296K, 32% used [0x0000000086400000,0x0000000087568f30,0x0000000089a00000)
 Metaspace       used 33338K, capacity 34948K, committed 35120K, reserved 1079296K
  class space    used 4326K, capacity 4653K, committed 4656K, reserved 1048576K
Event: 4.667 GC heap after
Heap after GC invocations=8 (full 1):
 PSYoungGen      total 212992K, used 17402K [0x00000000d7700000, 0x00000000ee400000, 0x0000000100000000)
  eden space 195584K, 0% used [0x00000000d7700000,0x00000000d7700000,0x00000000e3600000)
  from space 17408K, 99% used [0x00000000e3600000,0x00000000e46feb00,0x00000000e4700000)
  to   space 24576K, 0% used [0x00000000ecc00000,0x00000000ecc00000,0x00000000ee400000)
 ParOldGen       total 55296K, used 25568K [0x0000000086400000, 0x0000000089a00000, 0x00000000d7700000)
  object space 55296K, 46% used [0x0000000086400000,0x0000000087cf8288,0x0000000089a00000)
 Metaspace       used 33338K, capacity 34948K, committed 35120K, reserved 1079296K
  class space    used 4326K, capacity 4653K, committed 4656K, reserved 1048576K
}
Event: 4.765 GC heap before
{Heap before GC invocations=9 (full 1):
 PSYoungGen      total 212992K, used 39930K [0x00000000d7700000, 0x00000000ee400000, 0x0000000100000000)
  eden space 195584K, 11% used [0x00000000d7700000,0x00000000d8cffdd0,0x00000000e3600000)
  from space 17408K, 99% used [0x00000000e3600000,0x00000000e46feb00,0x00000000e4700000)
  to   space 24576K, 0% used [0x00000000ecc00000,0x00000000ecc00000,0x00000000ee400000)
 ParOldGen       total 55296K, used 25568K [0x0000000086400000, 0x0000000089a00000, 0x00000000d7700000)
  object space 55296K, 46% used [0x0000000086400000,0x0000000087cf8288,0x0000000089a00000)
 Metaspace       used 33813K, capacity 35330K, committed 35496K, reserved 1079296K
  class space    used 4375K, capacity 4690K, committed 4784K, reserved 1048576K
Event: 4.777 GC heap after
Heap after GC invocations=9 (full 1):
 PSYoungGen      total 348160K, used 15963K [0x00000000d7700000, 0x00000000ef700000, 0x0000000100000000)
  eden space 323584K, 0% used [0x00000000d7700000,0x00000000d7700000,0x00000000eb300000)
  from space 24576K, 64% used [0x00000000ecc00000,0x00000000edb96f08,0x00000000ee400000)
  to   space 25600K, 0% used [0x00000000eb300000,0x00000000eb300000,0x00000000ecc00000)
 ParOldGen       total 55296K, used 25576K [0x0000000086400000, 0x0000000089a00000, 0x00000000d7700000)
  object space 55296K, 46% used [0x0000000086400000,0x0000000087cfa288,0x0000000089a00000)
 Metaspace       used 33813K, capacity 35330K, committed 35496K, reserved 1079296K
  class space    used 4375K, capacity 4690K, committed 4784K, reserved 1048576K
}
Event: 4.777 GC heap before
{Heap before GC invocations=10 (full 2):
 PSYoungGen      total 348160K, used 15963K [0x00000000d7700000, 0x00000000ef700000, 0x0000000100000000)
  eden space 323584K, 0% used [0x00000000d7700000,0x00000000d7700000,0x00000000eb300000)
  from space 24576K, 64% used [0x00000000ecc00000,0x00000000edb96f08,0x00000000ee400000)
  to   space 25600K, 0% used [0x00000000eb300000,0x00000000eb300000,0x00000000ecc00000)
 ParOldGen       total 55296K, used 25576K [0x0000000086400000, 0x0000000089a00000, 0x00000000d7700000)
  object space 55296K, 46% used [0x0000000086400000,0x0000000087cfa288,0x0000000089a00000)
 Metaspace       used 33813K, capacity 35330K, committed 35496K, reserved 1079296K
  class space    used 4375K, capacity 4690K, committed 4784K, reserved 1048576K
Event: 4.858 GC heap after
Heap after GC invocations=10 (full 2):
 PSYoungGen      total 348160K, used 0K [0x00000000d7700000, 0x00000000ef700000, 0x0000000100000000)
  eden space 323584K, 0% used [0x00000000d7700000,0x00000000d7700000,0x00000000eb300000)
  from space 24576K, 0% used [0x00000000ecc00000,0x00000000ecc00000,0x00000000ee400000)
  to   space 25600K, 0% used [0x00000000eb300000,0x00000000eb300000,0x00000000ecc00000)
 ParOldGen       total 84992K, used 19781K [0x0000000086400000, 0x000000008b700000, 0x00000000d7700000)
  object space 84992K, 23% used [0x0000000086400000,0x0000000087751698,0x000000008b700000)
 Metaspace       used 33813K, capacity 35330K, committed 35496K, reserved 1079296K
  class space    used 4375K, capacity 4690K, committed 4784K, reserved 1048576K
}
Event: 8.537 GC heap before
{Heap before GC invocations=11 (full 2):
 PSYoungGen      total 348160K, used 323584K [0x00000000d7700000, 0x00000000ef700000, 0x0000000100000000)
  eden space 323584K, 100% used [0x00000000d7700000,0x00000000eb300000,0x00000000eb300000)
  from space 24576K, 0% used [0x00000000ecc00000,0x00000000ecc00000,0x00000000ee400000)
  to   space 25600K, 0% used [0x00000000eb300000,0x00000000eb300000,0x00000000ecc00000)
 ParOldGen       total 84992K, used 19781K [0x0000000086400000, 0x000000008b700000, 0x00000000d7700000)
  object space 84992K, 23% used [0x0000000086400000,0x0000000087751698,0x000000008b700000)
 Metaspace       used 55738K, capacity 58090K, committed 58408K, reserved 1099776K
  class space    used 7674K, capacity 8116K, committed 8240K, reserved 1048576K

Deoptimization events (10 events):
Event: 7.765 Thread 0x00007f59ec002800 Uncommon trap: reason=class_check action=maybe_recompile pc=0x00007f5a35990f88 method=org.springframework.asm.ClassReader.readMethod(Lorg/springframework/asm/ClassVisitor;Lorg/springframework/asm/Context;I)I @ 509
Event: 7.765 Thread 0x00007f59ec002800 Uncommon trap: reason=class_check action=maybe_recompile pc=0x00007f5a35990f88 method=org.springframework.asm.ClassReader.readMethod(Lorg/springframework/asm/ClassVisitor;Lorg/springframework/asm/Context;I)I @ 509
Event: 7.936 Thread 0x00007f59ec002800 Uncommon trap: reason=unstable_if action=reinterpret pc=0x00007f5a354d661c method=org.springframework.util.ConcurrentReferenceHashMap$Segment.restructureIfNecessary(Z)V @ 33
Event: 8.184 Thread 0x00007f59ec002800 Uncommon trap: reason=unstable_if action=reinterpret pc=0x00007f5a35da3d0c method=java.util.regex.Pattern$Curly.match(Ljava/util/regex/Matcher;ILjava/lang/CharSequence;)Z @ 45
Event: 8.262 Thread 0x00007f59ec002800 Uncommon trap: reason=null_check action=make_not_entrant pc=0x00007f5a355095d4 method=org.springframework.core.annotation.AnnotatedElementUtils.searchWithFindSemantics(Ljava/lang/reflect/AnnotatedElement;Ljava/util/Set;Ljava/lang/String;Ljava/lang/Class;L
Event: 8.304 Thread 0x00007f59ec002800 Uncommon trap: reason=unstable_if action=reinterpret pc=0x00007f5a3592098c method=org.springframework.asm.Frame.execute(IILorg/springframework/asm/Symbol;Lorg/springframework/asm/SymbolTable;)V @ 1965
Event: 8.304 Thread 0x00007f59ec002800 Uncommon trap: reason=unstable_if action=reinterpret pc=0x00007f5a35c53cf0 method=org.springframework.asm.Frame.merge(Lorg/springframework/asm/SymbolTable;I[II)Z @ 40
Event: 8.312 Thread 0x00007f59ec002800 Uncommon trap: reason=unstable_if action=reinterpret pc=0x00007f5a35a60b0c method=org.springframework.asm.Type.appendDescriptor(Ljava/lang/Class;Ljava/lang/StringBuilder;)V @ 61
Event: 8.315 Thread 0x00007f59ec002800 Uncommon trap: reason=unstable_if action=reinterpret pc=0x00007f5a35a7cbb4 method=org.springframework.aop.framework.autoproxy.AbstractAutoProxyCreator.predictBeanType(Ljava/lang/Class;Ljava/lang/String;)Ljava/lang/Class; @ 9
Event: 8.316 Thread 0x00007f59ec002800 Uncommon trap: reason=unstable_if action=reinterpret pc=0x00007f5a359cf2b8 method=org.springframework.beans.factory.support.AbstractAutowireCapableBeanFactory.predictBeanType(Ljava/lang/String;Lorg/springframework/beans/factory/support/RootBeanDefinition;

Classes redefined (0 events):
No events

Internal exceptions (10 events):
Event: 8.453 Thread 0x00007f59ec002800 Exception <a 'java/lang/ClassNotFoundException': java/lang/ObjectCustomizer> (0x00000000eab22308) thrown at [/HUDSON/workspace/8-2-build-linux-amd64/jdk8u172/10810/hotspot/src/share/vm/classfile/systemDictionary.cpp, line 210]
Event: 8.453 Thread 0x00007f59ec002800 Exception <a 'java/lang/ClassNotFoundException': org/springframework/security/config/annotation/web/configuration/WebSecurityConfigurationCustomizer> (0x00000000eab45960) thrown at [/HUDSON/workspace/8-2-build-linux-amd64/jdk8u172/10810/hotspot/src/share/
Event: 8.454 Thread 0x00007f59ec002800 Exception <a 'java/lang/ClassNotFoundException': org/springframework/security/config/annotation/web/configuration/WebSecurityConfiguration$$EnhancerBySpringCGLIB$$519a6960Customizer> (0x00000000eab79670) thrown at [/HUDSON/workspace/8-2-build-linux-amd64/
Event: 8.455 Thread 0x00007f59ec002800 Exception <a 'java/lang/ClassNotFoundException': org/springframework/context/annotation/ConfigurationClassEnhancer$EnhancedConfigurationCustomizer> (0x00000000eaba4b48) thrown at [/HUDSON/workspace/8-2-build-linux-amd64/jdk8u172/10810/hotspot/src/share/vm
Event: 8.455 Thread 0x00007f59ec002800 Exception <a 'java/lang/ClassNotFoundException': org/springframework/beans/factory/BeanFactoryAwareCustomizer> (0x00000000eabbb0f0) thrown at [/HUDSON/workspace/8-2-build-linux-amd64/jdk8u172/10810/hotspot/src/share/vm/classfile/systemDictionary.cpp, line
Event: 8.455 Thread 0x00007f59ec002800 Exception <a 'java/lang/ClassNotFoundException': org/springframework/beans/factory/AwareCustomizer> (0x00000000eabcf8b0) thrown at [/HUDSON/workspace/8-2-build-linux-amd64/jdk8u172/10810/hotspot/src/share/vm/classfile/systemDictionary.cpp, line 210]
Event: 8.455 Thread 0x00007f59ec002800 Exception <a 'java/lang/ClassNotFoundException': org/springframework/context/annotation/ImportAwareCustomizer> (0x00000000eabe5cf0) thrown at [/HUDSON/workspace/8-2-build-linux-amd64/jdk8u172/10810/hotspot/src/share/vm/classfile/systemDictionary.cpp, line
Event: 8.456 Thread 0x00007f59ec002800 Exception <a 'java/lang/ClassNotFoundException': org/springframework/beans/factory/AwareCustomizer> (0x00000000eabfa098) thrown at [/HUDSON/workspace/8-2-build-linux-amd64/jdk8u172/10810/hotspot/src/share/vm/classfile/systemDictionary.cpp, line 210]
Event: 8.456 Thread 0x00007f59ec002800 Exception <a 'java/lang/ClassNotFoundException': org/springframework/beans/factory/BeanClassLoaderAwareCustomizer> (0x00000000eac113f0) thrown at [/HUDSON/workspace/8-2-build-linux-amd64/jdk8u172/10810/hotspot/src/share/vm/classfile/systemDictionary.cpp, 
Event: 8.456 Thread 0x00007f59ec002800 Exception <a 'java/lang/ClassNotFoundException': org/springframework/beans/factory/AwareCustomizer> (0x00000000eac25650) thrown at [/HUDSON/workspace/8-2-build-linux-amd64/jdk8u172/10810/hotspot/src/share/vm/classfile/systemDictionary.cpp, line 210]

Events (10 events):
Event: 8.532 loading class org/springframework/security/crypto/password/DelegatingPasswordEncoder$UnmappedIdPasswordEncoder done
Event: 8.532 loading class org/springframework/security/core/userdetails/UserDetailsPasswordService
Event: 8.532 loading class org/springframework/security/core/userdetails/UserDetailsPasswordService done
Event: 8.533 loading class org/springframework/security/authentication/UsernamePasswordAuthenticationToken
Event: 8.533 loading class org/springframework/security/authentication/UsernamePasswordAuthenticationToken done
Event: 8.535 loading class org/springframework/security/authentication/ProviderManager$NullEventPublisher
Event: 8.535 loading class org/springframework/security/authentication/ProviderManager$NullEventPublisher done
Event: 8.537 loading class org/springframework/security/config/annotation/web/configuration/WebSecurityConfigurerAdapter$UserDetailsServiceDelegator
Event: 8.537 loading class org/springframework/security/config/annotation/web/configuration/WebSecurityConfigurerAdapter$UserDetailsServiceDelegator done
Event: 8.537 Executing VM operation: ParallelGCFailedAllocation


Dynamic libraries:
00400000-00401000 r-xp 00000000 08:01 594312                             /opt/java/jdk1.8.0_172/bin/java
00600000-00601000 rw-p 00000000 08:01 594312                             /opt/java/jdk1.8.0_172/bin/java
01934000-01955000 rw-p 00000000 00:00 0                                  [heap]
86400000-8b700000 rw-p 00000000 00:00 0 
8b700000-d7700000 ---p 00000000 00:00 0 
d7700000-ef700000 rw-p 00000000 00:00 0 
f6c80000-100000000 ---p 00000000 00:00 0 
100000000-10080c000 rw-p 00000000 00:00 0 
10080c000-140000000 ---p 00000000 00:00 0 
7f59cc000000-7f59cc021000 rw-p 00000000 00:00 0 
7f59cc021000-7f59d0000000 ---p 00000000 00:00 0 
7f59d0000000-7f59d0021000 rw-p 00000000 00:00 0 
7f59d0021000-7f59d4000000 ---p 00000000 00:00 0 
7f59d74ff000-7f59d75ff000 rw-p 00000000 00:00 0 
7f59d75ff000-7f59d76ff000 ---p 00000000 00:00 0 
7f59d76ff000-7f59d78ff000 rw-p 00000000 00:00 0 
7f59d78ff000-7f59d7902000 ---p 00000000 00:00 0 
7f59d7902000-7f59d7c00000 rw-p 00000000 00:00 0 
7f59d7c00000-7f59d7e00000 rw-p 00000000 00:00 0 
7f59d7e00000-7f59d8000000 rw-p 00000000 00:00 0 
7f59d8000000-7f59d8021000 rw-p 00000000 00:00 0 
7f59d8021000-7f59dc000000 ---p 00000000 00:00 0 
7f59dc000000-7f59dc021000 rw-p 00000000 00:00 0 
7f59dc021000-7f59e0000000 ---p 00000000 00:00 0 
7f59e0000000-7f59e0021000 rw-p 00000000 00:00 0 
7f59e0021000-7f59e4000000 ---p 00000000 00:00 0 
7f59e4000000-7f59e43c1000 rw-p 00000000 00:00 0 
7f59e43c1000-7f59e8000000 ---p 00000000 00:00 0 
7f59e80fc000-7f59e82fc000 rw-p 00000000 00:00 0 
7f59e82fc000-7f59e84fc000 rw-p 00000000 00:00 0 
7f59e84fc000-7f59e86fc000 rw-p 00000000 00:00 0 
7f59e86fc000-7f59e86ff000 ---p 00000000 00:00 0 
7f59e86ff000-7f59e87fd000 rw-p 00000000 00:00 0 
7f59e87fd000-7f59e8800000 ---p 00000000 00:00 0 
7f59e8800000-7f59e8afe000 rw-p 00000000 00:00 0 
7f59e8afe000-7f59e8b01000 ---p 00000000 00:00 0 
7f59e8b01000-7f59e8dff000 rw-p 00000000 00:00 0 
7f59e8dff000-7f59e8ffd000 rw-p 00000000 00:00 0 
7f59e8ffd000-7f59e8fff000 ---p 00000000 00:00 0 
7f59e8fff000-7f59ec000000 rw-p 00000000 00:00 0 
7f59ec000000-7f59ec021000 rw-p 00000000 00:00 0 
7f59ec021000-7f59f0000000 ---p 00000000 00:00 0 
7f59f0000000-7f59f1277000 rw-p 00000000 00:00 0 
7f59f1277000-7f59f4000000 ---p 00000000 00:00 0 
7f59f4000000-7f59f4021000 rw-p 00000000 00:00 0 
7f59f4021000-7f59f8000000 ---p 00000000 00:00 0 
7f59f8000000-7f59f8021000 rw-p 00000000 00:00 0 
7f59f8021000-7f59fc000000 ---p 00000000 00:00 0 
7f59fc000000-7f59fd9f5000 rw-p 00000000 00:00 0 
7f59fd9f5000-7f5a00000000 ---p 00000000 00:00 0 
7f5a00000000-7f5a0122d000 rw-p 00000000 00:00 0 
7f5a0122d000-7f5a04000000 ---p 00000000 00:00 0 
7f5a04000000-7f5a04021000 rw-p 00000000 00:00 0 
7f5a04021000-7f5a08000000 ---p 00000000 00:00 0 
7f5a08000000-7f5a09e42000 rw-p 00000000 00:00 0 
7f5a09e42000-7f5a0c000000 ---p 00000000 00:00 0 
7f5a0c000000-7f5a0c021000 rw-p 00000000 00:00 0 
7f5a0c021000-7f5a10000000 ---p 00000000 00:00 0 
7f5a10000000-7f5a10021000 rw-p 00000000 00:00 0 
7f5a10021000-7f5a14000000 ---p 00000000 00:00 0 
7f5a14000000-7f5a14021000 rw-p 00000000 00:00 0 
7f5a14021000-7f5a18000000 ---p 00000000 00:00 0 
7f5a18000000-7f5a18292000 rw-p 00000000 00:00 0 
7f5a18292000-7f5a1c000000 ---p 00000000 00:00 0 
7f5a1c000000-7f5a1c021000 rw-p 00000000 00:00 0 
7f5a1c021000-7f5a20000000 ---p 00000000 00:00 0 
7f5a20000000-7f5a20021000 rw-p 00000000 00:00 0 
7f5a20021000-7f5a24000000 ---p 00000000 00:00 0 
7f5a24000000-7f5a24021000 rw-p 00000000 00:00 0 
7f5a24021000-7f5a28000000 ---p 00000000 00:00 0 
7f5a2804a000-7f5a2804d000 r--s 0001a000 08:01 595881                     /opt/java/jdk1.8.0_172/jre/lib/jce.jar
7f5a2804d000-7f5a28052000 r--s 002f9000 08:01 595692                     /opt/java/jdk1.8.0_172/jre/lib/charsets.jar
7f5a28052000-7f5a28057000 r--s 0009d000 08:01 595743                     /opt/java/jdk1.8.0_172/jre/lib/jsse.jar
7f5a28057000-7f5a28257000 rw-p 00000000 00:00 0 
7f5a28257000-7f5a28457000 rw-p 00000000 00:00 0 
7f5a28457000-7f5a28657000 rw-p 00000000 00:00 0 
7f5a28657000-7f5a28857000 rw-p 00000000 00:00 0 
7f5a28857000-7f5a2885a000 ---p 00000000 00:00 0 
7f5a2885a000-7f5a28b58000 rw-p 00000000 00:00 0 
7f5a28b58000-7f5a28b69000 r-xp 00000000 08:01 595868                     /opt/java/jdk1.8.0_172/jre/lib/amd64/libnio.so
7f5a28b69000-7f5a28d68000 ---p 00011000 08:01 595868                     /opt/java/jdk1.8.0_172/jre/lib/amd64/libnio.so
7f5a28d68000-7f5a28d69000 rw-p 00010000 08:01 595868                     /opt/java/jdk1.8.0_172/jre/lib/amd64/libnio.so
7f5a28d69000-7f5a28f69000 rw-p 00000000 00:00 0 
7f5a28f69000-7f5a29169000 rw-p 00000000 00:00 0 
7f5a29169000-7f5a29369000 rw-p 00000000 00:00 0 
7f5a29369000-7f5a2937f000 r-xp 00000000 08:01 595865                     /opt/java/jdk1.8.0_172/jre/lib/amd64/libnet.so
7f5a2937f000-7f5a2957f000 ---p 00016000 08:01 595865                     /opt/java/jdk1.8.0_172/jre/lib/amd64/libnet.so
7f5a2957f000-7f5a29580000 rw-p 00016000 08:01 595865                     /opt/java/jdk1.8.0_172/jre/lib/amd64/libnet.so
7f5a29580000-7f5a29589000 r-xp 00000000 08:01 595873                     /opt/java/jdk1.8.0_172/jre/lib/amd64/libmanagement.so
7f5a29589000-7f5a29788000 ---p 00009000 08:01 595873                     /opt/java/jdk1.8.0_172/jre/lib/amd64/libmanagement.so
7f5a29788000-7f5a29789000 rw-p 00008000 08:01 595873                     /opt/java/jdk1.8.0_172/jre/lib/amd64/libmanagement.so
7f5a29789000-7f5a29989000 rw-p 00000000 00:00 0 
7f5a29989000-7f5a29a1f000 r--s 0110d000 08:01 595747                     /opt/java/jdk1.8.0_172/jre/lib/ext/jfxrt.jar
7f5a29a1f000-7f5a29c1f000 rw-p 00000000 00:00 0 
7f5a29c1f000-7f5a29c22000 ---p 00000000 00:00 0 
7f5a29c22000-7f5a29d20000 rw-p 00000000 00:00 0 
7f5a29d20000-7f5a29d23000 ---p 00000000 00:00 0 
7f5a29d23000-7f5a29e21000 rw-p 00000000 00:00 0 
7f5a29e21000-7f5a29e24000 ---p 00000000 00:00 0 
7f5a29e24000-7f5a29f22000 rw-p 00000000 00:00 0 
7f5a29f22000-7f5a29f3e000 r--s 00134000 08:01 1969076                    /home/mint/.m2/repository/org/springframework/spring-web/5.1.2.RELEASE/spring-web-5.1.2.RELEASE.jar
7f5a29f3e000-7f5a29f3f000 r--s 00000000 08:01 1969074                    /home/mint/.m2/repository/org/springframework/boot/spring-boot-starter-security/2.1.0.RELEASE/spring-boot-starter-security-2.1.0.RELEASE.jar
7f5a29f3f000-7f5a29f4c000 r--s 000b2000 08:01 1969072                    /home/mint/.m2/repository/org/springframework/security/spring-security-config/5.1.1.RELEASE/spring-security-config-5.1.1.RELEASE.jar
7f5a29f4c000-7f5a29f58000 r--s 0005e000 08:01 1969070                    /home/mint/.m2/repository/org/springframework/security/spring-security-core/5.1.1.RELEASE/spring-security-core-5.1.1.RELEASE.jar
7f5a29f58000-7f5a29f67000 r--s 00074000 08:01 1969068                    /home/mint/.m2/repository/org/springframework/security/spring-security-web/5.1.1.RELEASE/spring-security-web-5.1.1.RELEASE.jar
7f5a29f67000-7f5a29f7e000 r--s 001f2000 08:01 1969066                    /home/mint/.m2/repository/mysql/mysql-connector-java/8.0.13/mysql-connector-java-8.0.13.jar
7f5a29f7e000-7f5a29f80000 r--s 0000a000 08:01 1969063                    /home/mint/.m2/repository/org/springframework/spring-aspects/5.1.2.RELEASE/spring-aspects-5.1.2.RELEASE.jar
7f5a29f80000-7f5a29f83000 r--s 00010000 08:01 1969061                    /home/mint/.m2/repository/org/hibernate/common/hibernate-commons-annotations/5.0.4.Final/hibernate-commons-annotations-5.0.4.Final.jar
7f5a29f83000-7f5a29f88000 r--s 0004b000 08:01 1969059                    /home/mint/.m2/repository/org/dom4j/dom4j/2.1.1/dom4j-2.1.1.jar
7f5a29f88000-7f5a29f8b000 r--s 0002b000 08:01 1969057                    /home/mint/.m2/repository/org/jboss/jandex/2.0.5.Final/jandex-2.0.5.Final.jar
7f5a29f8b000-7f5a29f90000 r--s 00068000 08:01 1969055                    /home/mint/.m2/repository/antlr/antlr/2.7.7/antlr-2.7.7.jar
7f5a29f90000-7f5a29f9b000 r--s 000b2000 08:01 1969053                    /home/mint/.m2/repository/org/javassist/javassist/3.23.1-GA/javassist-3.23.1-GA.jar
7f5a29f9b000-7f5a29fa1000 r--s 00023000 08:01 1969050                    /home/mint/.m2/repository/javax/persistence/javax.persistence-api/2.2/javax.persistence-api-2.2.jar
7f5a29fa1000-7f5a2a024000 r--s 00624000 08:01 1969048                    /home/mint/.m2/repository/org/hibernate/hibernate-core/5.3.7.Final/hibernate-core-5.3.7.Final.jar
7f5a2a024000-7f5a2a026000 r--s 0000c000 08:01 1969046                    /home/mint/.m2/repository/javax/activation/javax.activation-api/1.2.0/javax.activation-api-1.2.0.jar
7f5a2a026000-7f5a2a02a000 r--s 0001c000 08:01 1969043                    /home/mint/.m2/repository/javax/xml/bind/jaxb-api/2.3.1/jaxb-api-2.3.1.jar
7f5a2a02a000-7f5a2a02b000 r--s 00006000 08:01 1969041                    /home/mint/.m2/repository/javax/transaction/javax.transaction-api/1.3/javax.transaction-api-1.3.jar
7f5a2a02b000-7f5a2a02f000 r--s 00020000 08:01 1969039                    /home/mint/.m2/repository/com/zaxxer/HikariCP/3.2.0/HikariCP-3.2.0.jar
7f5a2a02f000-7f5a2a030000 r--s 00000000 08:01 1969037                    /home/mint/.m2/repository/org/springframework/boot/spring-boot-starter-jdbc/2.1.0.RELEASE/spring-boot-starter-jdbc-2.1.0.RELEASE.jar
7f5a2a030000-7f5a2a049000 r--s 001de000 08:01 1969032                    /home/mint/.m2/repository/org/aspectj/aspectjweaver/1.9.2/aspectjweaver-1.9.2.jar
7f5a2a049000-7f5a2a04a000 r--s 00000000 08:01 1969027                    /home/mint/.m2/repository/org/springframework/boot/spring-boot-starter-aop/2.1.0.RELEASE/spring-boot-starter-aop-2.1.0.RELEASE.jar
7f5a2a04a000-7f5a2a04b000 r--s 00000000 08:01 1969023                    /home/mint/.m2/repository/org/springframework/boot/spring-boot-starter-data-jpa/2.1.0.RELEASE/spring-boot-starter-data-jpa-2.1.0.RELEASE.jar
7f5a2a04b000-7f5a2a065000 r--s 000f3000 08:01 1969020                    /home/mint/.m2/repository/org/springframework/spring-context/5.1.2.RELEASE/spring-context-5.1.2.RELEASE.jar
7f5a2a065000-7f5a2a06a000 r--s 00040000 08:01 1969016                    /home/mint/.m2/repository/org/springframework/spring-expression/5.1.2.RELEASE/spring-expression-5.1.2.RELEASE.jar
7f5a2a06a000-7f5a2a07a000 r--s 000b4000 08:01 1969014                    /home/mint/.m2/repository/org/springframework/spring-webmvc/5.1.2.RELEASE/spring-webmvc-5.1.2.RELEASE.jar
7f5a2a07a000-7f5a2a09e000 r--s 00111000 08:01 1969012                    /home/mint/.m2/repository/org/springframework/boot/spring-boot-autoconfigure/2.1.0.RELEASE/spring-boot-autoconfigure-2.1.0.RELEASE.jar
7f5a2a09e000-7f5a2a0b4000 r--s 000d4000 08:01 1969009                    /home/mint/.m2/repository/org/springframework/boot/spring-boot/2.1.0.RELEASE/spring-boot-2.1.0.RELEASE.jar
7f5a2a0b4000-7f5a2a0ba000 r--s 0002e000 08:01 1968997                    /home/mint/.m2/repository/org/springframework/boot/spring-boot-devtools/2.1.0.RELEASE/spring-boot-devtools-2.1.0.RELEASE.jar
7f5a2a0ba000-7f5a2a100000 r--s 002d1000 08:01 1968934                    /home/mint/.m2/repository/net/bytebuddy/byte-buddy/1.9.3/byte-buddy-1.9.3.jar
7f5a2a100000-7f5a2a102000 r--s 00009000 08:01 1968728                    /home/mint/.m2/repository/org/slf4j/slf4j-api/1.7.25/slf4j-api-1.7.25.jar
7f5a2a102000-7f5a2a106000 r--s 0001a000 08:01 1968720                    /home/mint/.m2/repository/org/aspectj/aspectjrt/1.9.2/aspectjrt-1.9.2.jar
7f5a2a106000-7f5a2a107000 r--s 00005000 08:01 1968715                    /home/mint/.m2/repository/org/springframework/spring-jcl/5.1.2.RELEASE/spring-jcl-5.1.2.RELEASE.jar
7f5a2a107000-7f5a2a11f000 r--s 00123000 08:01 1968710                    /home/mint/.m2/repository/org/springframework/spring-core/5.1.2.RELEASE/spring-core-5.1.2.RELEASE.jar
7f5a2a11f000-7f5a2a12b000 r--s 00098000 08:01 1968707                    /home/mint/.m2/repository/org/springframework/spring-beans/5.1.2.RELEASE/spring-beans-5.1.2.RELEASE.jar
7f5a2a12b000-7f5a2a133000 r--s 00037000 08:01 1968683                    /home/mint/.m2/repository/org/springframework/spring-tx/5.1.2.RELEASE/spring-tx-5.1.2.RELEASE.jar
7f5a2a133000-7f5a2a13d000 r--s 00051000 08:01 1968681                    /home/mint/.m2/repository/org/springframework/spring-aop/5.1.2.RELEASE/spring-aop-5.1.2.RELEASE.jar
7f5a2a13d000-7f5a2a147000 r--s 00059000 08:01 1968675                    /home/mint/.m2/repository/org/springframework/spring-jdbc/5.1.2.RELEASE/spring-jdbc-5.1.2.RELEASE.jar
7f5a2a147000-7f5a2a14b000 r--s 0002d000 08:01 1968673                    /home/mint/.m2/repository/org/springframework/spring-orm/5.1.2.RELEASE/spring-orm-5.1.2.RELEASE.jar
7f5a2a14b000-7f5a2a163000 r--s 00104000 08:01 1968671                    /home/mint/.m2/repository/org/springframework/data/spring-data-commons/2.1.2.RELEASE/spring-data-commons-2.1.2.RELEASE.jar
7f5a2a163000-7f5a2a16b000 r--s 0004d000 08:01 1968668                    /home/mint/.m2/repository/org/springframework/data/spring-data-jpa/2.1.2.RELEASE/spring-data-jpa-2.1.2.RELEASE.jar
7f5a2a16b000-7f5a2a16c000 r--s 0000f000 08:01 2625388                    /home/mint/.m2/repository/org/json/json/20180813/json-20180813.jar
7f5a2a16c000-7f5a2a16e000 r--s 0000f000 08:01 1968666                    /home/mint/.m2/repository/com/fasterxml/classmate/1.4.0/classmate-1.4.0.jar
7f5a2a16e000-7f5a2a170000 r--s 0000f000 08:01 1968664                    /home/mint/.m2/repository/org/jboss/logging/jboss-logging/3.3.2.Final/jboss-logging-3.3.2.Final.jar
7f5a2a170000-7f5a2a175000 r--s 00012000 08:01 1968662                    /home/mint/.m2/repository/javax/validation/validation-api/2.0.1.Final/validation-api-2.0.1.Final.jar
7f5a2a175000-7f5a2a192000 r--s 000fe000 08:01 1968660                    /home/mint/.m2/repository/org/hibernate/validator/hibernate-validator/6.0.13.Final/hibernate-validator-6.0.13.Final.jar
7f5a2a192000-7f5a2a198000 r--s 0003b000 08:01 1968604                    /home/mint/.m2/repository/org/apache/tomcat/embed/tomcat-embed-websocket/9.0.12/tomcat-embed-websocket-9.0.12.jar
7f5a2a198000-7f5a2a19d000 r--s 00039000 08:01 1968602                    /home/mint/.m2/repository/org/apache/tomcat/embed/tomcat-embed-el/9.0.12/tomcat-embed-el-9.0.12.jar
7f5a2a19d000-7f5a2a1c7000 r--s 002e4000 08:01 1968596                    /home/mint/.m2/repository/org/apache/tomcat/embed/tomcat-embed-core/9.0.12/tomcat-embed-core-9.0.12.jar
7f5a2a1c7000-7f5a2a1c9000 r--s 00001000 08:01 1968496                    /home/mint/.m2/repository/com/fasterxml/jackson/module/jackson-module-parameter-names/2.9.7/jackson-module-parameter-names-2.9.7.jar
7f5a2a1c9000-7f5a2a1cc000 r--s 00016000 08:01 1968481                    /home/mint/.m2/repository/com/fasterxml/jackson/datatype/jackson-datatype-jsr310/2.9.7/jackson-datatype-jsr310-2.9.7.jar
7f5a2a1cc000-7f5a2a1ce000 r--s 00007000 08:01 1968471                    /home/mint/.m2/repository/com/fasterxml/jackson/datatype/jackson-datatype-jdk8/2.9.7/jackson-datatype-jdk8-2.9.7.jar
7f5a2a1ce000-7f5a2a1d2000 r--s 0004c000 08:01 1968467                    /home/mint/.m2/repository/com/fasterxml/jackson/core/jackson-core/2.9.7/jackson-core-2.9.7.jar
7f5a2a1d2000-7f5a2a1e5000 r--s 00137000 08:01 1968457                    /home/mint/.m2/repository/com/fasterxml/jackson/core/jackson-databind/2.9.7/jackson-databind-2.9.7.jar
7f5a2a1e5000-7f5a2a1ec000 r--s 00043000 08:01 1968398                    /home/mint/.m2/repository/org/yaml/snakeyaml/1.23/snakeyaml-1.23.jar
7f5a2a1ec000-7f5a2a1ed000 ---p 00000000 00:00 0 
7f5a2a1ed000-7f5a2a2ed000 rw-p 00000000 00:00 0 
7f5a2a2ed000-7f5a2a2f0000 ---p 00000000 00:00 0 
7f5a2a2f0000-7f5a2a3ee000 rw-p 00000000 00:00 0 
7f5a2a3ee000-7f5a2a3f1000 ---p 00000000 00:00 0 
7f5a2a3f1000-7f5a2a4ef000 rw-p 00000000 00:00 0 
7f5a2a4ef000-7f5a2a4f2000 ---p 00000000 00:00 0 
7f5a2a4f2000-7f5a2a5f0000 rw-p 00000000 00:00 0 
7f5a2a5f0000-7f5a2a5f3000 ---p 00000000 00:00 0 
7f5a2a5f3000-7f5a2a6f1000 rw-p 00000000 00:00 0 
7f5a2a6f1000-7f5a2a6f4000 ---p 00000000 00:00 0 
7f5a2a6f4000-7f5a2a7f2000 rw-p 00000000 00:00 0 
7f5a2a7f2000-7f5a2aaca000 r--p 00000000 08:01 10995                      /usr/lib/locale/locale-archive
7f5a2aaca000-7f5a2aacd000 ---p 00000000 00:00 0 
7f5a2aacd000-7f5a2abcb000 rw-p 00000000 00:00 0 
7f5a2abcb000-7f5a2abce000 ---p 00000000 00:00 0 
7f5a2abce000-7f5a2accc000 rw-p 00000000 00:00 0 
7f5a2accc000-7f5a2accd000 ---p 00000000 00:00 0 
7f5a2accd000-7f5a2c000000 rw-p 00000000 00:00 0 
7f5a2c000000-7f5a2c021000 rw-p 00000000 00:00 0 
7f5a2c021000-7f5a30000000 ---p 00000000 00:00 0 
7f5a30000000-7f5a30001000 r--s 00000000 08:01 1968532                    /home/mint/.m2/repository/org/springframework/boot/spring-boot-starter-tomcat/2.1.0.RELEASE/spring-boot-starter-tomcat-2.1.0.RELEASE.jar
7f5a30001000-7f5a30004000 r--s 0000e000 08:01 1968461                    /home/mint/.m2/repository/com/fasterxml/jackson/core/jackson-annotations/2.9.0/jackson-annotations-2.9.0.jar
7f5a30004000-7f5a30006000 r--s 00005000 08:01 1968298                    /home/mint/.m2/repository/javax/annotation/javax.annotation-api/1.3.2/javax.annotation-api-1.3.2.jar
7f5a30006000-7f5a30008000 r--s 00000000 08:01 1863164                    /home/mint/.m2/repository/org/slf4j/jul-to-slf4j/1.7.25/jul-to-slf4j-1.7.25.jar
7f5a30008000-7f5a3000e000 r--s 0003b000 08:01 1863162                    /home/mint/.m2/repository/org/apache/logging/log4j/log4j-api/2.11.1/log4j-api-2.11.1.jar
7f5a3000e000-7f5a30010000 r--s 00003000 08:01 1863160                    /home/mint/.m2/repository/org/apache/logging/log4j/log4j-to-slf4j/2.11.1/log4j-to-slf4j-2.11.1.jar
7f5a30010000-7f5a30073000 rw-p 00000000 00:00 0 
7f5a30073000-7f5a3024d000 r--s 03d6a000 08:01 595694                     /opt/java/jdk1.8.0_172/jre/lib/rt.jar
7f5a3024d000-7f5a34afb000 rw-p 00000000 00:00 0 
7f5a34afb000-7f5a34afc000 ---p 00000000 00:00 0 
7f5a34afc000-7f5a34bfc000 rw-p 00000000 00:00 0 
7f5a34bfc000-7f5a34bfd000 ---p 00000000 00:00 0 
7f5a34bfd000-7f5a34cfd000 rw-p 00000000 00:00 0 
7f5a34cfd000-7f5a34cfe000 ---p 00000000 00:00 0 
7f5a34cfe000-7f5a34dfe000 rw-p 00000000 00:00 0 
7f5a34dfe000-7f5a34dff000 ---p 00000000 00:00 0 
7f5a34dff000-7f5a34eff000 rw-p 00000000 00:00 0 
7f5a34eff000-7f5a34f00000 ---p 00000000 00:00 0 
7f5a34f00000-7f5a35000000 rw-p 00000000 00:00 0 
7f5a35000000-7f5a35e90000 rwxp 00000000 00:00 0 
7f5a35e90000-7f5a44000000 ---p 00000000 00:00 0 
7f5a44000000-7f5a44814000 rw-p 00000000 00:00 0 
7f5a44814000-7f5a48000000 ---p 00000000 00:00 0 
7f5a48000000-7f5a48001000 r--s 00000000 08:01 1968435                    /home/mint/.m2/repository/org/springframework/boot/spring-boot-starter-json/2.1.0.RELEASE/spring-boot-starter-json-2.1.0.RELEASE.jar
7f5a48001000-7f5a4800c000 r--s 00069000 08:01 1863158                    /home/mint/.m2/repository/ch/qos/logback/logback-core/1.2.3/logback-core-1.2.3.jar
7f5a4800c000-7f5a48012000 r--s 00041000 08:01 1863156                    /home/mint/.m2/repository/ch/qos/logback/logback-classic/1.2.3/logback-classic-1.2.3.jar
7f5a48012000-7f5a48017000 r--s 00084000 08:01 595643                     /opt/java/jdk1.8.0_172/jre/lib/jfr.jar
7f5a48017000-7f5a48127000 rw-p 00000000 00:00 0 
7f5a48127000-7f5a48387000 ---p 00000000 00:00 0 
7f5a48387000-7f5a483b1000 rw-p 00000000 00:00 0 
7f5a483b1000-7f5a48610000 ---p 00000000 00:00 0 
7f5a48610000-7f5a486d1000 rw-p 00000000 00:00 0 
7f5a486d1000-7f5a48755000 ---p 00000000 00:00 0 
7f5a48755000-7f5a48791000 rw-p 00000000 00:00 0 
7f5a48791000-7f5a48b16000 ---p 00000000 00:00 0 
7f5a48b16000-7f5a48b31000 r-xp 00000000 08:01 595861                     /opt/java/jdk1.8.0_172/jre/lib/amd64/libzip.so
7f5a48b31000-7f5a48d31000 ---p 0001b000 08:01 595861                     /opt/java/jdk1.8.0_172/jre/lib/amd64/libzip.so
7f5a48d31000-7f5a48d32000 rw-p 0001b000 08:01 595861                     /opt/java/jdk1.8.0_172/jre/lib/amd64/libzip.so
7f5a48d32000-7f5a48d3d000 r-xp 00000000 08:01 399694                     /lib/x86_64-linux-gnu/libnss_files-2.23.so
7f5a48d3d000-7f5a48f3c000 ---p 0000b000 08:01 399694                     /lib/x86_64-linux-gnu/libnss_files-2.23.so
7f5a48f3c000-7f5a48f3d000 r--p 0000a000 08:01 399694                     /lib/x86_64-linux-gnu/libnss_files-2.23.so
7f5a48f3d000-7f5a48f3e000 rw-p 0000b000 08:01 399694                     /lib/x86_64-linux-gnu/libnss_files-2.23.so
7f5a48f3e000-7f5a48f44000 rw-p 00000000 00:00 0 
7f5a48f44000-7f5a48f4f000 r-xp 00000000 08:01 399704                     /lib/x86_64-linux-gnu/libnss_nis-2.23.so
7f5a48f4f000-7f5a4914e000 ---p 0000b000 08:01 399704                     /lib/x86_64-linux-gnu/libnss_nis-2.23.so
7f5a4914e000-7f5a4914f000 r--p 0000a000 08:01 399704                     /lib/x86_64-linux-gnu/libnss_nis-2.23.so
7f5a4914f000-7f5a49150000 rw-p 0000b000 08:01 399704                     /lib/x86_64-linux-gnu/libnss_nis-2.23.so
7f5a49150000-7f5a49166000 r-xp 00000000 08:01 399688                     /lib/x86_64-linux-gnu/libnsl-2.23.so
7f5a49166000-7f5a49365000 ---p 00016000 08:01 399688                     /lib/x86_64-linux-gnu/libnsl-2.23.so
7f5a49365000-7f5a49366000 r--p 00015000 08:01 399688                     /lib/x86_64-linux-gnu/libnsl-2.23.so
7f5a49366000-7f5a49367000 rw-p 00016000 08:01 399688                     /lib/x86_64-linux-gnu/libnsl-2.23.so
7f5a49367000-7f5a49369000 rw-p 00000000 00:00 0 
7f5a49369000-7f5a49371000 r-xp 00000000 08:01 399690                     /lib/x86_64-linux-gnu/libnss_compat-2.23.so
7f5a49371000-7f5a49570000 ---p 00008000 08:01 399690                     /lib/x86_64-linux-gnu/libnss_compat-2.23.so
7f5a49570000-7f5a49571000 r--p 00007000 08:01 399690                     /lib/x86_64-linux-gnu/libnss_compat-2.23.so
7f5a49571000-7f5a49572000 rw-p 00008000 08:01 399690                     /lib/x86_64-linux-gnu/libnss_compat-2.23.so
7f5a49572000-7f5a4959d000 r-xp 00000000 08:01 595855                     /opt/java/jdk1.8.0_172/jre/lib/amd64/libjava.so
7f5a4959d000-7f5a4979c000 ---p 0002b000 08:01 595855                     /opt/java/jdk1.8.0_172/jre/lib/amd64/libjava.so
7f5a4979c000-7f5a4979e000 rw-p 0002a000 08:01 595855                     /opt/java/jdk1.8.0_172/jre/lib/amd64/libjava.so
7f5a4979e000-7f5a497ab000 r-xp 00000000 08:01 595860                     /opt/java/jdk1.8.0_172/jre/lib/amd64/libverify.so
7f5a497ab000-7f5a499ab000 ---p 0000d000 08:01 595860                     /opt/java/jdk1.8.0_172/jre/lib/amd64/libverify.so
7f5a499ab000-7f5a499ad000 rw-p 0000d000 08:01 595860                     /opt/java/jdk1.8.0_172/jre/lib/amd64/libverify.so
7f5a499ad000-7f5a499b4000 r-xp 00000000 08:01 399749                     /lib/x86_64-linux-gnu/librt-2.23.so
7f5a499b4000-7f5a49bb3000 ---p 00007000 08:01 399749                     /lib/x86_64-linux-gnu/librt-2.23.so
7f5a49bb3000-7f5a49bb4000 r--p 00006000 08:01 399749                     /lib/x86_64-linux-gnu/librt-2.23.so
7f5a49bb4000-7f5a49bb5000 rw-p 00007000 08:01 399749                     /lib/x86_64-linux-gnu/librt-2.23.so
7f5a49bb5000-7f5a49cbd000 r-xp 00000000 08:01 399665                     /lib/x86_64-linux-gnu/libm-2.23.so
7f5a49cbd000-7f5a49ebc000 ---p 00108000 08:01 399665                     /lib/x86_64-linux-gnu/libm-2.23.so
7f5a49ebc000-7f5a49ebd000 r--p 00107000 08:01 399665                     /lib/x86_64-linux-gnu/libm-2.23.so
7f5a49ebd000-7f5a49ebe000 rw-p 00108000 08:01 399665                     /lib/x86_64-linux-gnu/libm-2.23.so
7f5a49ebe000-7f5a4ab9a000 r-xp 00000000 08:01 595837                     /opt/java/jdk1.8.0_172/jre/lib/amd64/server/libjvm.so
7f5a4ab9a000-7f5a4ad9a000 ---p 00cdc000 08:01 595837                     /opt/java/jdk1.8.0_172/jre/lib/amd64/server/libjvm.so
7f5a4ad9a000-7f5a4ae74000 rw-p 00cdc000 08:01 595837                     /opt/java/jdk1.8.0_172/jre/lib/amd64/server/libjvm.so
7f5a4ae74000-7f5a4aebf000 rw-p 00000000 00:00 0 
7f5a4aebf000-7f5a4b07f000 r-xp 00000000 08:01 399595                     /lib/x86_64-linux-gnu/libc-2.23.so
7f5a4b07f000-7f5a4b27f000 ---p 001c0000 08:01 399595                     /lib/x86_64-linux-gnu/libc-2.23.so
7f5a4b27f000-7f5a4b283000 r--p 001c0000 08:01 399595                     /lib/x86_64-linux-gnu/libc-2.23.so
7f5a4b283000-7f5a4b285000 rw-p 001c4000 08:01 399595                     /lib/x86_64-linux-gnu/libc-2.23.so
7f5a4b285000-7f5a4b289000 rw-p 00000000 00:00 0 
7f5a4b289000-7f5a4b28c000 r-xp 00000000 08:01 399619                     /lib/x86_64-linux-gnu/libdl-2.23.so
7f5a4b28c000-7f5a4b48b000 ---p 00003000 08:01 399619                     /lib/x86_64-linux-gnu/libdl-2.23.so
7f5a4b48b000-7f5a4b48c000 r--p 00002000 08:01 399619                     /lib/x86_64-linux-gnu/libdl-2.23.so
7f5a4b48c000-7f5a4b48d000 rw-p 00003000 08:01 399619                     /lib/x86_64-linux-gnu/libdl-2.23.so
7f5a4b48d000-7f5a4b4a3000 r-xp 00000000 08:01 595564                     /opt/java/jdk1.8.0_172/lib/amd64/jli/libjli.so
7f5a4b4a3000-7f5a4b6a2000 ---p 00016000 08:01 595564                     /opt/java/jdk1.8.0_172/lib/amd64/jli/libjli.so
7f5a4b6a2000-7f5a4b6a3000 rw-p 00015000 08:01 595564                     /opt/java/jdk1.8.0_172/lib/amd64/jli/libjli.so
7f5a4b6a3000-7f5a4b6bb000 r-xp 00000000 08:01 399741                     /lib/x86_64-linux-gnu/libpthread-2.23.so
7f5a4b6bb000-7f5a4b8ba000 ---p 00018000 08:01 399741                     /lib/x86_64-linux-gnu/libpthread-2.23.so
7f5a4b8ba000-7f5a4b8bb000 r--p 00017000 08:01 399741                     /lib/x86_64-linux-gnu/libpthread-2.23.so
7f5a4b8bb000-7f5a4b8bc000 rw-p 00018000 08:01 399741                     /lib/x86_64-linux-gnu/libpthread-2.23.so
7f5a4b8bc000-7f5a4b8c0000 rw-p 00000000 00:00 0 
7f5a4b8c0000-7f5a4b8e6000 r-xp 00000000 08:01 399567                     /lib/x86_64-linux-gnu/ld-2.23.so
7f5a4b8e6000-7f5a4b8e7000 r--s 00000000 08:01 1863154                    /home/mint/.m2/repository/org/springframework/boot/spring-boot-starter-logging/2.1.0.RELEASE/spring-boot-starter-logging-2.1.0.RELEASE.jar
7f5a4b8e7000-7f5a4b8fa000 r--s 00345000 08:01 595729                     /opt/java/jdk1.8.0_172/jre/lib/resources.jar
7f5a4b8fa000-7f5a4b9c5000 rw-p 00000000 00:00 0 
7f5a4b9c5000-7f5a4b9c8000 ---p 00000000 00:00 0 
7f5a4b9c8000-7f5a4baca000 rw-p 00000000 00:00 0 
7f5a4baca000-7f5a4bacb000 r--s 00000000 08:01 1863152                    /home/mint/.m2/repository/org/springframework/boot/spring-boot-starter/2.1.0.RELEASE/spring-boot-starter-2.1.0.RELEASE.jar
7f5a4bacb000-7f5a4bacc000 r--s 00000000 08:01 1863134                    /home/mint/.m2/repository/org/springframework/boot/spring-boot-starter-web/2.1.0.RELEASE/spring-boot-starter-web-2.1.0.RELEASE.jar
7f5a4bacc000-7f5a4bad1000 r--s 002f9000 08:01 595692                     /opt/java/jdk1.8.0_172/jre/lib/charsets.jar
7f5a4bad1000-7f5a4bad4000 r--s 0001a000 08:01 595881                     /opt/java/jdk1.8.0_172/jre/lib/jce.jar
7f5a4bad4000-7f5a4bad9000 r--s 0009d000 08:01 595743                     /opt/java/jdk1.8.0_172/jre/lib/jsse.jar
7f5a4bad9000-7f5a4bae1000 rw-s 00000000 08:01 821792                     /tmp/hsperfdata_mint/32703
7f5a4bae1000-7f5a4bae2000 rw-p 00000000 00:00 0 
7f5a4bae2000-7f5a4bae3000 ---p 00000000 00:00 0 
7f5a4bae3000-7f5a4bae5000 rw-p 00000000 00:00 0 
7f5a4bae5000-7f5a4bae6000 r--p 00025000 08:01 399567                     /lib/x86_64-linux-gnu/ld-2.23.so
7f5a4bae6000-7f5a4bae7000 rw-p 00026000 08:01 399567                     /lib/x86_64-linux-gnu/ld-2.23.so
7f5a4bae7000-7f5a4bae8000 rw-p 00000000 00:00 0 
7ffd19268000-7ffd1928b000 rw-p 00000000 00:00 0                          [stack]
7ffd1934f000-7ffd19351000 r--p 00000000 00:00 0                          [vvar]
7ffd19351000-7ffd19353000 r-xp 00000000 00:00 0                          [vdso]
ffffffffff600000-ffffffffff601000 r-xp 00000000 00:00 0                  [vsyscall]

VM Arguments:
jvm_args: -Dfile.encoding=UTF-8 
java_command: com.canada.shawinigan.pos.sets.SetsApplication
java_class_path (initial): /opt/java/jdk1.8.0_172/jre/lib/resources.jar:/opt/java/jdk1.8.0_172/jre/lib/rt.jar:/opt/java/jdk1.8.0_172/jre/lib/jsse.jar:/opt/java/jdk1.8.0_172/jre/lib/jce.jar:/opt/java/jdk1.8.0_172/jre/lib/charsets.jar:/opt/java/jdk1.8.0_172/jre/lib/jfr.jar:/opt/java/jdk1.8.0_172/jre/lib/ext/zipfs.jar:/opt/java/jdk1.8.0_172/jre/lib/ext/sunpkcs11.jar:/opt/java/jdk1.8.0_172/jre/lib/ext/cldrdata.jar:/opt/java/jdk1.8.0_172/jre/lib/ext/sunjce_provider.jar:/opt/java/jdk1.8.0_172/jre/lib/ext/sunec.jar:/opt/java/jdk1.8.0_172/jre/lib/ext/localedata.jar:/opt/java/jdk1.8.0_172/jre/lib/ext/jaccess.jar:/opt/java/jdk1.8.0_172/jre/lib/ext/jfxrt.jar:/opt/java/jdk1.8.0_172/jre/lib/ext/nashorn.jar:/opt/java/jdk1.8.0_172/jre/lib/ext/dnsns.jar:/home/mint/Desktop/git/ServiceForTest/sets/target/classes:/home/mint/.m2/repository/org/springframework/boot/spring-boot-starter-web/2.1.0.RELEASE/spring-boot-starter-web-2.1.0.RELEASE.jar:/home/mint/.m2/repository/org/springframework/boot/spring-boot-starter/2.1.0.RELEASE/spring-boot-starter-2.1.0.RELEASE.jar:/home/mint/.m2/repository/org/springframework/boot/spring-boot-starter-logging/2.1.0.RELEASE/spring-boot-starter-logging-2.1.0.RELEASE.jar:/home/mint/.m2/repository/ch/qos/logback/logback-classic/1.2.3/logback-classic-1.2.3.jar:/home/mint/.m2/repository/ch/qos/logback/logback-core/1.2.3/logback-core-1.2.3.jar:/home/mint/.m2/repository/org/apache/logging/log4j/log4j-to-slf4j/2.11.1/log4j-to-slf4j-2.11.1.jar:/home/mint/.m2/repository/org/apache/logging/log4j/log4j-api/2.11.1/log4j-api-2.11.1.jar:/home/mint/.m2/repository/org/slf4j/jul-to-slf4j/1.7.25/jul-to-slf4j-1.7.25.jar:/home/mint/.m2/repository/javax/annotation/javax.annotation-api/1.3.2/javax.annotation-api-1.3.2.jar:/home/mint/.m2/repository/org/yaml/snakeyaml/1.23/snakeyaml-1.23.jar:/home/mint/.m2/repository/org/springframework/boot/spring-boot-starter-json/2.1.0.RELEASE/spring-boot-starter-json-2.1.0.RELEASE.jar:/home/mint/.m2/repository/com/fasterxml/jackson/core/jac
Launcher Type: SUN_STANDARD

Environment Variables:
JAVA_HOME=/opt/java/jdk1.8.0_172
PATH=/home/mint/bin:/home/mint/.local/bin:/usr/local/sbin:/usr/local/bin:/usr/sbin:/usr/bin:/sbin:/bin:/usr/games:/usr/local/games:/opt/apache-maven-3.5.4/bin:/opt/java/jdk1.8.0_172/bin:/home/mint/.npm-global/lib/node_modules/@angular/cli/bin:/home/mint/.npm-global/lib/node_modules/typescript/bin
SHELL=/bin/bash
DISPLAY=:0

Signal Handlers:
SIGSEGV: [libjvm.so+0xad2ab0], sa_mask[0]=11111111011111111101111111111110, sa_flags=SA_RESTART|SA_SIGINFO
SIGBUS: [libjvm.so+0xad2ab0], sa_mask[0]=11111111011111111101111111111110, sa_flags=SA_RESTART|SA_SIGINFO
SIGFPE: [libjvm.so+0x92a790], sa_mask[0]=11111111011111111101111111111110, sa_flags=SA_RESTART|SA_SIGINFO
SIGPIPE: [libjvm.so+0x92a790], sa_mask[0]=11111111011111111101111111111110, sa_flags=SA_RESTART|SA_SIGINFO
SIGXFSZ: [libjvm.so+0x92a790], sa_mask[0]=11111111011111111101111111111110, sa_flags=SA_RESTART|SA_SIGINFO
SIGILL: [libjvm.so+0x92a790], sa_mask[0]=11111111011111111101111111111110, sa_flags=SA_RESTART|SA_SIGINFO
SIGUSR1: SIG_DFL, sa_mask[0]=00000000000000000000000000000000, sa_flags=none
SIGUSR2: [libjvm.so+0x92bff0], sa_mask[0]=00100000000000000000000000000000, sa_flags=SA_RESTART|SA_SIGINFO
SIGHUP: [libjvm.so+0x92d3f0], sa_mask[0]=11111111011111111101111111111110, sa_flags=SA_RESTART|SA_SIGINFO
SIGINT: [libjvm.so+0x92d3f0], sa_mask[0]=11111111011111111101111111111110, sa_flags=SA_RESTART|SA_SIGINFO
SIGTERM: [libjvm.so+0x92d3f0], sa_mask[0]=11111111011111111101111111111110, sa_flags=SA_RESTART|SA_SIGINFO
SIGQUIT: [libjvm.so+0x92d3f0], sa_mask[0]=11111111011111111101111111111110, sa_flags=SA_RESTART|SA_SIGINFO


---------------  S Y S T E M  ---------------

OS:DISTRIB_ID=LinuxMint
DISTRIB_RELEASE=18.3
DISTRIB_CODENAME=sylvia
DISTRIB_DESCRIPTION="Linux Mint 18.3 Sylvia"

uname:Linux 4.10.0-38-generic #42~16.04.1-Ubuntu SMP Tue Oct 10 16:32:20 UTC 2017 x86_64
libc:glibc 2.23 NPTL 2.23 
rlimit: STACK 8192k, CORE 0k, NPROC 30980, NOFILE 1048576, AS infinity
load average:0.43 0.55 0.65

/proc/meminfo:
MemTotal:        7977996 kB
MemFree:          119852 kB
MemAvailable:      42388 kB
Buffers:            2112 kB
Cached:           184228 kB
SwapCached:            0 kB
Active:          7412548 kB
Inactive:         153668 kB
Active(anon):    7384328 kB
Inactive(anon):   121684 kB
Active(file):      28220 kB
Inactive(file):    31984 kB
Unevictable:         116 kB
Mlocked:             116 kB
SwapTotal:             0 kB
SwapFree:              0 kB
Dirty:               488 kB
Writeback:             0 kB
AnonPages:       7380912 kB
Mapped:           149732 kB
Shmem:            125332 kB
Slab:             143416 kB
SReclaimable:      53296 kB
SUnreclaim:        90120 kB
KernelStack:       21456 kB
PageTables:        65640 kB
NFS_Unstable:          0 kB
Bounce:                0 kB
WritebackTmp:          0 kB
CommitLimit:     3988996 kB
Committed_AS:   15966668 kB
VmallocTotal:   34359738367 kB
VmallocUsed:           0 kB
VmallocChunk:          0 kB
HardwareCorrupted:     0 kB
AnonHugePages:   4548608 kB
ShmemHugePages:        0 kB
ShmemPmdMapped:        0 kB
CmaTotal:              0 kB
CmaFree:               0 kB
HugePages_Total:       0
HugePages_Free:        0
HugePages_Rsvd:        0
HugePages_Surp:        0
Hugepagesize:       2048 kB
DirectMap4k:      255936 kB
DirectMap2M:     7936000 kB


CPU:total 5 (initial active 5) (5 cores per cpu, 1 threads per core) family 6 model 158 stepping 9, cmov, cx8, fxsr, mmx, sse, sse2, sse3, ssse3, sse4.1, sse4.2, popcnt, avx, avx2, aes, clmul, 3dnowpref, lzcnt, tsc, tscinvbit

/proc/cpuinfo:
processor	: 0
vendor_id	: GenuineIntel
cpu family	: 6
model		: 158
model name	: Intel(R) Core(TM) i7-7820HQ CPU @ 2.90GHz
stepping	: 9
cpu MHz		: 2904.002
cache size	: 8192 KB
physical id	: 0
siblings	: 5
core id		: 0
cpu cores	: 5
apicid		: 0
initial apicid	: 0
fpu		: yes
fpu_exception	: yes
cpuid level	: 22
wp		: yes
flags		: fpu vme de pse tsc msr pae mce cx8 apic sep mtrr pge mca cmov pat pse36 clflush mmx fxsr sse sse2 ht syscall nx rdtscp lm constant_tsc rep_good nopl xtopology nonstop_tsc pni pclmulqdq ssse3 cx16 pcid sse4_1 sse4_2 x2apic movbe popcnt aes xsave avx rdrand hypervisor lahf_lm abm 3dnowprefetch fsgsbase avx2 invpcid rdseed clflushopt
bugs		:
bogomips	: 5808.00
clflush size	: 64
cache_alignment	: 64
address sizes	: 39 bits physical, 48 bits virtual
power management:

processor	: 1
vendor_id	: GenuineIntel
cpu family	: 6
model		: 158
model name	: Intel(R) Core(TM) i7-7820HQ CPU @ 2.90GHz
stepping	: 9
cpu MHz		: 2904.002
cache size	: 8192 KB
physical id	: 0
siblings	: 5
core id		: 1
cpu cores	: 5
apicid		: 1
initial apicid	: 1
fpu		: yes
fpu_exception	: yes
cpuid level	: 22
wp		: yes
flags		: fpu vme de pse tsc msr pae mce cx8 apic sep mtrr pge mca cmov pat pse36 clflush mmx fxsr sse sse2 ht syscall nx rdtscp lm constant_tsc rep_good nopl xtopology nonstop_tsc pni pclmulqdq ssse3 cx16 pcid sse4_1 sse4_2 x2apic movbe popcnt aes xsave avx rdrand hypervisor lahf_lm abm 3dnowprefetch fsgsbase avx2 invpcid rdseed clflushopt
bugs		:
bogomips	: 5808.00
clflush size	: 64
cache_alignment	: 64
address sizes	: 39 bits physical, 48 bits virtual
power management:

processor	: 2
vendor_id	: GenuineIntel
cpu family	: 6
model		: 158
model name	: Intel(R) Core(TM) i7-7820HQ CPU @ 2.90GHz
stepping	: 9
cpu MHz		: 2904.002
cache size	: 8192 KB
physical id	: 0
siblings	: 5
core id		: 2
cpu cores	: 5
apicid		: 2
initial apicid	: 2
fpu		: yes
fpu_exception	: yes
cpuid level	: 22
wp		: yes
flags		: fpu vme de pse tsc msr pae mce cx8 apic sep mtrr pge mca cmov pat pse36 clflush mmx fxsr sse sse2 ht syscall nx rdtscp lm constant_tsc rep_good nopl xtopology nonstop_tsc pni pclmulqdq ssse3 cx16 pcid sse4_1 sse4_2 x2apic movbe popcnt aes xsave avx rdrand hypervisor lahf_lm abm 3dnowprefetch fsgsbase avx2 invpcid rdseed clflushopt
bugs		:
bogomips	: 5808.00
clflush size	: 64
cache_alignment	: 64
address sizes	: 39 bits physical, 48 bits virtual
power management:

processor	: 3
vendor_id	: GenuineIntel
cpu family	: 6
model		: 158
model name	: Intel(R) Core(TM) i7-7820HQ CPU @ 2.90GHz
stepping	: 9
cpu MHz		: 2904.002
cache size	: 8192 KB
physical id	: 0
siblings	: 5
core id		: 3
cpu cores	: 5
apicid		: 3
initial apicid	: 3
fpu		: yes
fpu_exception	: yes
cpuid level	: 22
wp		: yes
flags		: fpu vme de pse tsc msr pae mce cx8 apic sep mtrr pge mca cmov pat pse36 clflush mmx fxsr sse sse2 ht syscall nx rdtscp lm constant_tsc rep_good nopl xtopology nonstop_tsc pni pclmulqdq ssse3 cx16 pcid sse4_1 sse4_2 x2apic movbe popcnt aes xsave avx rdrand hypervisor lahf_lm abm 3dnowprefetch fsgsbase avx2 invpcid rdseed clflushopt
bugs		:
bogomips	: 5808.00
clflush size	: 64
cache_alignment	: 64
address sizes	: 39 bits physical, 48 bits virtual
power management:

processor	: 4
vendor_id	: GenuineIntel
cpu family	: 6
model		: 158
model name	: Intel(R) Core(TM) i7-7820HQ CPU @ 2.90GHz
stepping	: 9
cpu MHz		: 2904.002
cache size	: 8192 KB
physical id	: 0
siblings	: 5
core id		: 4
cpu cores	: 5
apicid		: 4
initial apicid	: 4
fpu		: yes
fpu_exception	: yes
cpuid level	: 22
wp		: yes
flags		: fpu vme de pse tsc msr pae mce cx8 apic sep mtrr pge mca cmov pat pse36 clflush mmx fxsr sse sse2 ht syscall nx rdtscp lm constant_tsc rep_good nopl xtopology nonstop_tsc pni pclmulqdq ssse3 cx16 pcid sse4_1 sse4_2 x2apic movbe popcnt aes xsave avx rdrand hypervisor lahf_lm abm 3dnowprefetch fsgsbase avx2 invpcid rdseed clflushopt
bugs		:
bogomips	: 5808.00
clflush size	: 64
cache_alignment	: 64
address sizes	: 39 bits physical, 48 bits virtual
power management:



Memory: 4k page, physical 7977996k(119852k free), swap 0k(0k free)

vm_info: Java HotSpot(TM) 64-Bit Server VM (25.172-b11) for linux-amd64 JRE (1.8.0_172-b11), built on Mar 28 2018 21:44:09 by "java_re" with gcc 4.3.0 20080428 (Red Hat 4.3.0-8)

time: Wed Feb 20 13:31:04 2019
elapsed time: 8 seconds (0d 0h 0m 8s)

